<?xml version="1.0" encoding="UTF-8"?>
<!-- Generated by org.testng.reporters.JUnitReportReporter -->
<testsuite name="com.qatest.runner.Runner" tests="1" time="8.290" ignored="0" failures="0" timestamp="02 Aug 2018 09:19:34 GMT" skipped="0" hostname="Mithu-PC" errors="0">
  <testcase name="feature" time="8.290" classname="com.qatest.runner.Runner"/>
</testsuite> <!-- com.qatest.runner.Runner -->
